2021-11-05T12:38:09.183Z [[31merror[39m] : in fetchMasterData error {"pid":11368,"hostname":"PUKAVDTMS10-1","context":"OrderController","extra":[{"key":"value"}]}
2021-11-05T12:38:09.186Z [[33mwarn[39m] : in fetchMasterData warn {"pid":11368,"hostname":"PUKAVDTMS10-1","context":"OrderController","extra":[null]}
2021-11-08T06:49:38.515Z [[31merror[39m] : in fetchMasterData error {"pid":10792,"hostname":"PUKAVDTMS10-1","context":"OrderController","extra":[{"key":"value"}]}
2021-11-08T06:49:38.521Z [[33mwarn[39m] : in fetchMasterData warn {"pid":10792,"hostname":"PUKAVDTMS10-1","context":"OrderController","extra":[null]}
2021-11-09T09:10:11.405Z [[31merror[39m] : in fetchMasterData error {"pid":11348,"hostname":"PUKAVDTMS10-1","context":"OrderController","extra":[{"key":"value"}]}
2021-11-09T09:10:11.409Z [[33mwarn[39m] : in fetchMasterData warn {"pid":11348,"hostname":"PUKAVDTMS10-1","context":"OrderController","extra":[null]}
2021-11-09T09:11:38.170Z [[31merror[39m] : in fetchMasterData error {"pid":10396,"hostname":"PUKAVDTMS10-1","context":"OrderController","extra":[{"key":"value"}]}
2021-11-09T09:11:38.176Z [[33mwarn[39m] : in fetchMasterData warn {"pid":10396,"hostname":"PUKAVDTMS10-1","context":"OrderController","extra":[null]}
2021-11-09T10:13:25.899Z [[31merror[39m] : in fetchMasterData error {"pid":10132,"hostname":"PUKAVDTMS10-1","context":"OrderController","extra":[{"key":"value"}]}
2021-11-09T10:13:25.902Z [[33mwarn[39m] : in fetchMasterData warn {"pid":10132,"hostname":"PUKAVDTMS10-1","context":"OrderController","extra":[null]}
2021-11-09T10:18:53.830Z [[31merror[39m] : in fetchMasterData error {"pid":8056,"hostname":"PUKAVDTMS10-1","context":"OrderController","extra":[{"key":"value"}]}
2021-11-09T10:18:53.836Z [[33mwarn[39m] : in fetchMasterData warn {"pid":8056,"hostname":"PUKAVDTMS10-1","context":"OrderController","extra":[null]}
2021-11-09T10:20:46.118Z [[31merror[39m] : in fetchMasterData error {"pid":12304,"hostname":"PUKAVDTMS10-1","context":"OrderController","extra":[{"key":"value"}]}
2021-11-09T10:20:46.123Z [[33mwarn[39m] : in fetchMasterData warn {"pid":12304,"hostname":"PUKAVDTMS10-1","context":"OrderController","extra":[null]}
2021-11-09T11:06:41.126Z [[31merror[39m] : in fetchMasterData error {"pid":11668,"hostname":"PUKAVDTMS10-1","context":"OrderController","extra":[{"key":"value"}]}
2021-11-09T11:06:41.131Z [[33mwarn[39m] : in fetchMasterData warn {"pid":11668,"hostname":"PUKAVDTMS10-1","context":"OrderController","extra":[null]}
2021-11-09T11:07:48.894Z [[31merror[39m] : in fetchMasterData error {"pid":1780,"hostname":"PUKAVDTMS10-1","context":"OrderController","extra":[{"key":"value"}]}
2021-11-09T11:07:48.898Z [[33mwarn[39m] : in fetchMasterData warn {"pid":1780,"hostname":"PUKAVDTMS10-1","context":"OrderController","extra":[null]}
2021-11-09T11:08:49.436Z [[31merror[39m] : in fetchMasterData error {"pid":11292,"hostname":"PUKAVDTMS10-1","context":"OrderController","extra":[{"key":"value"}]}
2021-11-09T11:08:49.440Z [[33mwarn[39m] : in fetchMasterData warn {"pid":11292,"hostname":"PUKAVDTMS10-1","context":"OrderController","extra":[null]}
2021-11-09T11:10:07.170Z [[31merror[39m] : in fetchMasterData error {"pid":12452,"hostname":"PUKAVDTMS10-1","context":"OrderController","extra":[{"key":"value"}]}
2021-11-09T11:10:07.176Z [[33mwarn[39m] : in fetchMasterData warn {"pid":12452,"hostname":"PUKAVDTMS10-1","context":"OrderController","extra":[null]}
2021-11-09T11:13:32.680Z [[31merror[39m] : in fetchMasterData error {"pid":12160,"hostname":"PUKAVDTMS10-1","context":"ShopController","extra":[{"key":"value"}]}
2021-11-09T11:13:32.685Z [[33mwarn[39m] : in fetchMasterData warn {"pid":12160,"hostname":"PUKAVDTMS10-1","context":"ShopController","extra":[null]}
2021-11-09T11:14:33.724Z [[31merror[39m] : in fetchMasterData error {"pid":4032,"hostname":"PUKAVDTMS10-1","context":"ShopController","extra":[{"key":"value"}]}
2021-11-09T11:14:33.728Z [[33mwarn[39m] : in fetchMasterData warn {"pid":4032,"hostname":"PUKAVDTMS10-1","context":"ShopController","extra":[null]}
2021-11-09T11:25:29.672Z [[31merror[39m] : in fetchMasterData error {"pid":12472,"hostname":"PUKAVDTMS10-1","context":"ShopController","extra":[{"key":"value"}]}
2021-11-09T11:25:29.676Z [[33mwarn[39m] : in fetchMasterData warn {"pid":12472,"hostname":"PUKAVDTMS10-1","context":"ShopController","extra":[null]}
2021-11-09T11:38:38.821Z [[31merror[39m] : in fetchMasterData error {"pid":11176,"hostname":"PUKAVDTMS10-1","context":"ShopController","extra":[{"key":"value"}]}
2021-11-09T11:38:38.825Z [[33mwarn[39m] : in fetchMasterData warn {"pid":11176,"hostname":"PUKAVDTMS10-1","context":"ShopController","extra":[null]}
2021-11-09T12:07:38.412Z [[31merror[39m] : in fetchMasterData error {"pid":12704,"hostname":"PUKAVDTMS10-1","context":"ShopController","extra":[{"key":"value"}]}
2021-11-09T12:07:38.415Z [[33mwarn[39m] : in fetchMasterData warn {"pid":12704,"hostname":"PUKAVDTMS10-1","context":"ShopController","extra":[null]}
2021-11-09T12:53:58.143Z [[31merror[39m] : in fetchMasterData error {"pid":11852,"hostname":"PUKAVDTMS10-1","context":"ShopController","extra":[{"key":"value"}]}
2021-11-09T12:53:58.146Z [[33mwarn[39m] : in fetchMasterData warn {"pid":11852,"hostname":"PUKAVDTMS10-1","context":"ShopController","extra":[null]}
2021-11-09T13:43:17.523Z [[31merror[39m] : in fetchMasterData error {"pid":7048,"hostname":"PUKAVDTMS10-1","context":"ShopController","extra":[{"key":"value"}]}
2021-11-09T13:43:17.527Z [[33mwarn[39m] : in fetchMasterData warn {"pid":7048,"hostname":"PUKAVDTMS10-1","context":"ShopController","extra":[null]}
2021-11-10T06:09:20.968Z [[31merror[39m] : in fetchMasterData error {"pid":3996,"hostname":"PUKAVDTMS10-7","context":"ShopController","extra":[{"key":"value"}]}
2021-11-10T06:09:21.002Z [[33mwarn[39m] : in fetchMasterData warn {"pid":3996,"hostname":"PUKAVDTMS10-7","context":"ShopController","extra":[null]}
2021-11-10T09:27:10.337Z [[31merror[39m] : in fetchMasterData error {"pid":12196,"hostname":"PUKAVDTMS10-7","context":"ShopController","extra":[{"key":"value"}]}
2021-11-10T09:27:10.345Z [[33mwarn[39m] : in fetchMasterData warn {"pid":12196,"hostname":"PUKAVDTMS10-7","context":"ShopController","extra":[null]}
2021-11-10T09:41:52.059Z [[31merror[39m] : in fetchMasterData error {"pid":12216,"hostname":"PUKAVDTMS10-7","context":"ShopController","extra":[{"key":"value"}]}
2021-11-10T09:41:52.064Z [[33mwarn[39m] : in fetchMasterData warn {"pid":12216,"hostname":"PUKAVDTMS10-7","context":"ShopController","extra":[null]}
2021-11-11T05:05:10.710Z [[31merror[39m] : in fetchMasterData error {"pid":10264,"hostname":"PUKAVDTMS10-7","context":"ShopController","extra":[{"key":"value"}]}
2021-11-11T05:05:10.718Z [[33mwarn[39m] : in fetchMasterData warn {"pid":10264,"hostname":"PUKAVDTMS10-7","context":"ShopController","extra":[null]}
2021-11-11T08:48:04.035Z [[31merror[39m] : in fetchMasterData error {"pid":7604,"hostname":"PUKAVDTMS10-7","context":"ShopController","extra":[{"key":"value"}]}
2021-11-11T08:48:04.040Z [[33mwarn[39m] : in fetchMasterData warn {"pid":7604,"hostname":"PUKAVDTMS10-7","context":"ShopController","extra":[null]}
2021-11-11T08:49:29.955Z [[31merror[39m] : in fetchMasterData error {"pid":2528,"hostname":"PUKAVDTMS10-7","context":"ShopController","extra":[{"key":"value"}]}
2021-11-11T08:49:29.958Z [[33mwarn[39m] : in fetchMasterData warn {"pid":2528,"hostname":"PUKAVDTMS10-7","context":"ShopController","extra":[null]}
2021-11-11T08:54:38.589Z [[31merror[39m] : in fetchMasterData error {"pid":6224,"hostname":"PUKAVDTMS10-7","context":"ShopController","extra":[{"key":"value"}]}
2021-11-11T08:54:38.593Z [[33mwarn[39m] : in fetchMasterData warn {"pid":6224,"hostname":"PUKAVDTMS10-7","context":"ShopController","extra":[null]}
2021-11-11T08:57:01.398Z [[31merror[39m] : in fetchMasterData error {"pid":5728,"hostname":"PUKAVDTMS10-7","context":"ShopController","extra":[{"key":"value"}]}
2021-11-11T08:57:01.402Z [[33mwarn[39m] : in fetchMasterData warn {"pid":5728,"hostname":"PUKAVDTMS10-7","context":"ShopController","extra":[null]}
2021-11-11T12:45:13.729Z [[31merror[39m] : in fetchMasterData error {"pid":13348,"hostname":"PUKAVDTMS10-7","context":"ShopController","extra":[{"key":"value"}]}
2021-11-11T12:45:13.733Z [[33mwarn[39m] : in fetchMasterData warn {"pid":13348,"hostname":"PUKAVDTMS10-7","context":"ShopController","extra":[null]}
2021-11-11T13:23:27.509Z [[31merror[39m] : in fetchMasterData error {"pid":13348,"hostname":"PUKAVDTMS10-7","context":"ShopController","extra":[{"key":"value"}]}
2021-11-11T13:23:27.511Z [[33mwarn[39m] : in fetchMasterData warn {"pid":13348,"hostname":"PUKAVDTMS10-7","context":"ShopController","extra":[null]}
2021-11-11T13:45:31.548Z [[31merror[39m] : in fetchMasterData error {"pid":9816,"hostname":"PUKAVDTMS10-7","context":"ShopController","extra":[{"key":"value"}]}
2021-11-11T13:45:31.551Z [[33mwarn[39m] : in fetchMasterData warn {"pid":9816,"hostname":"PUKAVDTMS10-7","context":"ShopController","extra":[null]}
2021-11-12T07:28:23.091Z [[31merror[39m] : in fetchMasterData error {"pid":13308,"hostname":"PUKAVDTMS10-7","context":"ShopController","extra":[{"key":"value"}]}
2021-11-12T07:28:23.096Z [[33mwarn[39m] : in fetchMasterData warn {"pid":13308,"hostname":"PUKAVDTMS10-7","context":"ShopController","extra":[null]}
2021-11-12T07:37:13.884Z [[31merror[39m] : in fetchMasterData error {"pid":4844,"hostname":"PUKAVDTMS10-7","context":"ShopController","extra":[{"key":"value"}]}
2021-11-12T07:37:13.887Z [[33mwarn[39m] : in fetchMasterData warn {"pid":4844,"hostname":"PUKAVDTMS10-7","context":"ShopController","extra":[null]}
2021-11-12T08:57:15.331Z [[31merror[39m] : in fetchMasterData error {"pid":3716,"hostname":"PUKAVDTMS10-7","context":"ShopController","extra":[{"key":"value"}]}
2021-11-12T08:57:15.334Z [[33mwarn[39m] : in fetchMasterData warn {"pid":3716,"hostname":"PUKAVDTMS10-7","context":"ShopController","extra":[null]}
2021-11-12T09:22:19.686Z [[31merror[39m] : in fetchMasterData error {"pid":5524,"hostname":"PUKAVDTMS10-7","context":"ShopController","extra":[{"key":"value"}]}
2021-11-12T09:22:19.695Z [[33mwarn[39m] : in fetchMasterData warn {"pid":5524,"hostname":"PUKAVDTMS10-7","context":"ShopController","extra":[null]}
2021-11-12T10:20:06.248Z [[31merror[39m] : in fetchMasterData error {"pid":1980,"hostname":"PUKAVDTMS10-7","context":"ShopController","extra":[{"key":"value"}]}
2021-11-12T10:20:06.254Z [[33mwarn[39m] : in fetchMasterData warn {"pid":1980,"hostname":"PUKAVDTMS10-7","context":"ShopController","extra":[null]}
2021-11-12T10:20:10.606Z [[31merror[39m] : in fetchMasterData error {"pid":1980,"hostname":"PUKAVDTMS10-7","context":"ShopController","extra":[{"key":"value"}]}
2021-11-12T10:20:10.609Z [[33mwarn[39m] : in fetchMasterData warn {"pid":1980,"hostname":"PUKAVDTMS10-7","context":"ShopController","extra":[null]}
2021-11-12T12:02:28.070Z [[31merror[39m] : in fetchMasterData error {"pid":14360,"hostname":"PUKAVDTMS10-7","context":"ShopController","extra":[{"key":"value"}]}
2021-11-12T12:02:28.076Z [[33mwarn[39m] : in fetchMasterData warn {"pid":14360,"hostname":"PUKAVDTMS10-7","context":"ShopController","extra":[null]}
2021-11-12T12:10:26.486Z [[31merror[39m] : in fetchMasterData error {"pid":13808,"hostname":"PUKAVDTMS10-7","context":"ShopController","extra":[{"key":"value"}]}
2021-11-12T12:10:26.490Z [[33mwarn[39m] : in fetchMasterData warn {"pid":13808,"hostname":"PUKAVDTMS10-7","context":"ShopController","extra":[null]}
2021-11-12T12:11:27.521Z [[31merror[39m] : in fetchMasterData error {"pid":7488,"hostname":"PUKAVDTMS10-7","context":"ShopController","extra":[{"key":"value"}]}
2021-11-12T12:11:27.527Z [[33mwarn[39m] : in fetchMasterData warn {"pid":7488,"hostname":"PUKAVDTMS10-7","context":"ShopController","extra":[null]}
2021-11-12T12:15:02.795Z [[31merror[39m] : in fetchMasterData error {"pid":13344,"hostname":"PUKAVDTMS10-7","context":"ShopController","extra":[{"key":"value"}]}
2021-11-12T12:15:02.800Z [[33mwarn[39m] : in fetchMasterData warn {"pid":13344,"hostname":"PUKAVDTMS10-7","context":"ShopController","extra":[null]}
2021-11-12T12:44:14.478Z [[31merror[39m] : in fetchMasterData error {"pid":13344,"hostname":"PUKAVDTMS10-7","context":"ShopController","extra":[{"key":"value"}]}
2021-11-12T12:44:14.480Z [[33mwarn[39m] : in fetchMasterData warn {"pid":13344,"hostname":"PUKAVDTMS10-7","context":"ShopController","extra":[null]}
2021-11-14T11:52:49.153Z [[31merror[39m] : in fetchMasterData error {"pid":10680,"hostname":"PUKAVDTMS10-7","context":"ShopController","extra":[{"key":"value"}]}
2021-11-14T11:52:49.157Z [[33mwarn[39m] : in fetchMasterData warn {"pid":10680,"hostname":"PUKAVDTMS10-7","context":"ShopController","extra":[null]}
2021-11-14T11:53:50.664Z [[31merror[39m] : in fetchMasterData error {"pid":10680,"hostname":"PUKAVDTMS10-7","context":"ShopController","extra":[{"key":"value"}]}
2021-11-14T11:53:50.666Z [[33mwarn[39m] : in fetchMasterData warn {"pid":10680,"hostname":"PUKAVDTMS10-7","context":"ShopController","extra":[null]}
2021-11-15T05:38:07.433Z [[31merror[39m] : in fetchMasterData error {"pid":8496,"hostname":"PUKAVDTMS10-7","context":"ShopController","extra":[{"key":"value"}]}
2021-11-15T05:38:07.440Z [[33mwarn[39m] : in fetchMasterData warn {"pid":8496,"hostname":"PUKAVDTMS10-7","context":"ShopController","extra":[null]}
2021-11-15T09:02:47.461Z [[31merror[39m] : in fetchMasterData error {"pid":14024,"hostname":"PUKAVDTMS10-7","context":"ShopController","extra":[{"key":"value"}]}
2021-11-15T09:02:47.466Z [[33mwarn[39m] : in fetchMasterData warn {"pid":14024,"hostname":"PUKAVDTMS10-7","context":"ShopController","extra":[null]}
2021-11-15T09:07:50.938Z [[31merror[39m] : in fetchMasterData error {"pid":12972,"hostname":"PUKAVDTMS10-7","context":"ShopController","extra":[{"key":"value"}]}
2021-11-15T09:07:50.942Z [[33mwarn[39m] : in fetchMasterData warn {"pid":12972,"hostname":"PUKAVDTMS10-7","context":"ShopController","extra":[null]}
2021-11-15T09:18:20.788Z [[31merror[39m] : in fetchMasterData error {"pid":7212,"hostname":"PUKAVDTMS10-7","context":"ShopController","extra":[{"key":"value"}]}
2021-11-15T09:18:20.793Z [[33mwarn[39m] : in fetchMasterData warn {"pid":7212,"hostname":"PUKAVDTMS10-7","context":"ShopController","extra":[null]}
2021-11-15T10:30:20.091Z [[31merror[39m] : in fetchMasterData error {"pid":15452,"hostname":"PUKAVDTMS10-7","context":"ShopController","extra":[{"key":"value"}]}
2021-11-15T10:30:20.096Z [[33mwarn[39m] : in fetchMasterData warn {"pid":15452,"hostname":"PUKAVDTMS10-7","context":"ShopController","extra":[null]}
2021-11-15T10:30:30.665Z [[31merror[39m] : in fetchMasterData error {"pid":15452,"hostname":"PUKAVDTMS10-7","context":"ShopController","extra":[{"key":"value"}]}
2021-11-15T10:30:30.668Z [[33mwarn[39m] : in fetchMasterData warn {"pid":15452,"hostname":"PUKAVDTMS10-7","context":"ShopController","extra":[null]}
2021-11-15T10:33:37.119Z [[31merror[39m] : in fetchMasterData error {"pid":9972,"hostname":"PUKAVDTMS10-7","context":"ShopController","extra":[{"key":"value"}]}
2021-11-15T10:33:37.126Z [[33mwarn[39m] : in fetchMasterData warn {"pid":9972,"hostname":"PUKAVDTMS10-7","context":"ShopController","extra":[null]}
2021-11-15T11:55:43.395Z [[31merror[39m] : in fetchMasterData error {"pid":12292,"hostname":"PUKAVDTMS10-7","context":"ShopController","extra":[{"key":"value"}]}
2021-11-15T11:55:43.403Z [[33mwarn[39m] : in fetchMasterData warn {"pid":12292,"hostname":"PUKAVDTMS10-7","context":"ShopController","extra":[null]}
2021-11-15T11:59:59.594Z [[31merror[39m] : in fetchMasterData error {"pid":16108,"hostname":"PUKAVDTMS10-7","context":"ShopController","extra":[{"key":"value"}]}
2021-11-15T11:59:59.601Z [[33mwarn[39m] : in fetchMasterData warn {"pid":16108,"hostname":"PUKAVDTMS10-7","context":"ShopController","extra":[null]}
2021-11-15T12:02:01.524Z [[31merror[39m] : in fetchMasterData error {"pid":14112,"hostname":"PUKAVDTMS10-7","context":"ShopController","extra":[{"key":"value"}]}
2021-11-15T12:02:01.529Z [[33mwarn[39m] : in fetchMasterData warn {"pid":14112,"hostname":"PUKAVDTMS10-7","context":"ShopController","extra":[null]}
2021-11-15T12:02:26.773Z [[31merror[39m] : in fetchMasterData error {"pid":14112,"hostname":"PUKAVDTMS10-7","context":"ShopController","extra":[{"key":"value"}]}
2021-11-15T12:02:26.776Z [[33mwarn[39m] : in fetchMasterData warn {"pid":14112,"hostname":"PUKAVDTMS10-7","context":"ShopController","extra":[null]}
2021-11-15T12:04:55.005Z [[31merror[39m] : in fetchMasterData error {"pid":15344,"hostname":"PUKAVDTMS10-7","context":"ShopController","extra":[{"key":"value"}]}
2021-11-15T12:04:55.009Z [[33mwarn[39m] : in fetchMasterData warn {"pid":15344,"hostname":"PUKAVDTMS10-7","context":"ShopController","extra":[null]}
2021-11-15T12:08:46.424Z [[31merror[39m] : in fetchMasterData error {"pid":15344,"hostname":"PUKAVDTMS10-7","context":"ShopController","extra":[{"key":"value"}]}
2021-11-15T12:08:46.426Z [[33mwarn[39m] : in fetchMasterData warn {"pid":15344,"hostname":"PUKAVDTMS10-7","context":"ShopController","extra":[null]}
2021-11-15T12:11:22.717Z [[31merror[39m] : in fetchMasterData error {"pid":15092,"hostname":"PUKAVDTMS10-7","context":"ShopController","extra":[{"key":"value"}]}
2021-11-15T12:11:22.723Z [[33mwarn[39m] : in fetchMasterData warn {"pid":15092,"hostname":"PUKAVDTMS10-7","context":"ShopController","extra":[null]}
2021-11-15T12:14:50.712Z [[31merror[39m] : in fetchMasterData error {"pid":7108,"hostname":"PUKAVDTMS10-7","context":"ShopController","extra":[{"key":"value"}]}
2021-11-15T12:14:50.719Z [[33mwarn[39m] : in fetchMasterData warn {"pid":7108,"hostname":"PUKAVDTMS10-7","context":"ShopController","extra":[null]}
2021-11-16T10:36:08.665Z [[31merror[39m] : in fetchMasterData error {"pid":6004,"hostname":"PUKAVDTMS10-7","context":"ShopController","extra":[{"key":"value"}]}
2021-11-16T10:36:08.669Z [[33mwarn[39m] : in fetchMasterData warn {"pid":6004,"hostname":"PUKAVDTMS10-7","context":"ShopController","extra":[null]}
2021-11-16T11:17:03.294Z [[31merror[39m] : in fetchMasterData error {"pid":9008,"hostname":"PUKAVDTMS10-7","context":"ShopController","extra":[{"key":"value"}]}
2021-11-16T11:17:03.297Z [[33mwarn[39m] : in fetchMasterData warn {"pid":9008,"hostname":"PUKAVDTMS10-7","context":"ShopController","extra":[null]}
2021-11-16T12:35:38.345Z [[31merror[39m] : in fetchMasterData error {"pid":3084,"hostname":"PUKAVDTMS10-7","context":"ShopController","extra":[{"key":"value"}]}
2021-11-16T12:35:38.348Z [[33mwarn[39m] : in fetchMasterData warn {"pid":3084,"hostname":"PUKAVDTMS10-7","context":"ShopController","extra":[null]}
2021-11-16T13:19:53.225Z [[31merror[39m] : in fetchMasterData error {"pid":3376,"hostname":"PUKAVDTMS10-7","context":"ShopController","extra":[{"key":"value"}]}
2021-11-16T13:19:53.229Z [[33mwarn[39m] : in fetchMasterData warn {"pid":3376,"hostname":"PUKAVDTMS10-7","context":"ShopController","extra":[null]}
2021-11-16T13:35:26.109Z [[31merror[39m] : in fetchMasterData error {"pid":2396,"hostname":"PUKAVDTMS10-7","context":"ShopController","extra":[{"key":"value"}]}
2021-11-16T13:35:26.111Z [[33mwarn[39m] : in fetchMasterData warn {"pid":2396,"hostname":"PUKAVDTMS10-7","context":"ShopController","extra":[null]}
2021-11-16T13:36:55.583Z [[31merror[39m] : in fetchMasterData error {"pid":11588,"hostname":"PUKAVDTMS10-7","context":"ShopController","extra":[{"key":"value"}]}
2021-11-16T13:36:55.586Z [[33mwarn[39m] : in fetchMasterData warn {"pid":11588,"hostname":"PUKAVDTMS10-7","context":"ShopController","extra":[null]}
2021-11-16T13:46:55.135Z [[31merror[39m] : in fetchMasterData error {"pid":7568,"hostname":"PUKAVDTMS10-7","context":"ShopController","extra":[{"key":"value"}]}
2021-11-16T13:46:55.138Z [[33mwarn[39m] : in fetchMasterData warn {"pid":7568,"hostname":"PUKAVDTMS10-7","context":"ShopController","extra":[null]}
2021-11-16T13:47:57.181Z [[31merror[39m] : in fetchMasterData error {"pid":13612,"hostname":"PUKAVDTMS10-7","context":"ShopController","extra":[{"key":"value"}]}
2021-11-16T13:47:57.184Z [[33mwarn[39m] : in fetchMasterData warn {"pid":13612,"hostname":"PUKAVDTMS10-7","context":"ShopController","extra":[null]}
2021-11-16T13:49:08.462Z [[31merror[39m] : in fetchMasterData error {"pid":14136,"hostname":"PUKAVDTMS10-7","context":"ShopController","extra":[{"key":"value"}]}
2021-11-16T13:49:08.465Z [[33mwarn[39m] : in fetchMasterData warn {"pid":14136,"hostname":"PUKAVDTMS10-7","context":"ShopController","extra":[null]}
2021-11-16T13:50:34.333Z [[31merror[39m] : in fetchMasterData error {"pid":13648,"hostname":"PUKAVDTMS10-7","context":"ShopController","extra":[{"key":"value"}]}
2021-11-16T13:50:34.337Z [[33mwarn[39m] : in fetchMasterData warn {"pid":13648,"hostname":"PUKAVDTMS10-7","context":"ShopController","extra":[null]}
2021-11-16T13:50:56.715Z [[31merror[39m] : in fetchMasterData error {"pid":13648,"hostname":"PUKAVDTMS10-7","context":"ShopController","extra":[{"key":"value"}]}
2021-11-16T13:50:56.717Z [[33mwarn[39m] : in fetchMasterData warn {"pid":13648,"hostname":"PUKAVDTMS10-7","context":"ShopController","extra":[null]}
2021-11-16T13:52:21.345Z [[31merror[39m] : in fetchMasterData error {"pid":2844,"hostname":"PUKAVDTMS10-7","context":"ShopController","extra":[{"key":"value"}]}
2021-11-16T13:52:21.347Z [[33mwarn[39m] : in fetchMasterData warn {"pid":2844,"hostname":"PUKAVDTMS10-7","context":"ShopController","extra":[null]}
2021-11-16T13:53:46.680Z [[31merror[39m] : in fetchMasterData error {"pid":13440,"hostname":"PUKAVDTMS10-7","context":"ShopController","extra":[{"key":"value"}]}
2021-11-16T13:53:46.684Z [[33mwarn[39m] : in fetchMasterData warn {"pid":13440,"hostname":"PUKAVDTMS10-7","context":"ShopController","extra":[null]}
2021-11-16T13:55:29.099Z [[31merror[39m] : in fetchMasterData error {"pid":13440,"hostname":"PUKAVDTMS10-7","context":"ShopController","extra":[{"key":"value"}]}
2021-11-16T13:55:29.101Z [[33mwarn[39m] : in fetchMasterData warn {"pid":13440,"hostname":"PUKAVDTMS10-7","context":"ShopController","extra":[null]}
2021-11-16T13:56:10.485Z [[31merror[39m] : in fetchMasterData error {"pid":7244,"hostname":"PUKAVDTMS10-7","context":"ShopController","extra":[{"key":"value"}]}
2021-11-16T13:56:10.489Z [[33mwarn[39m] : in fetchMasterData warn {"pid":7244,"hostname":"PUKAVDTMS10-7","context":"ShopController","extra":[null]}
2021-11-16T14:15:34.050Z [[31merror[39m] : in fetchMasterData error {"pid":13644,"hostname":"PUKAVDTMS10-7","context":"ShopController","extra":[{"key":"value"}]}
2021-11-16T14:15:34.053Z [[33mwarn[39m] : in fetchMasterData warn {"pid":13644,"hostname":"PUKAVDTMS10-7","context":"ShopController","extra":[null]}
2021-11-16T14:16:31.190Z [[31merror[39m] : in fetchMasterData error {"pid":12672,"hostname":"PUKAVDTMS10-7","context":"ShopController","extra":[{"key":"value"}]}
2021-11-16T14:16:31.195Z [[33mwarn[39m] : in fetchMasterData warn {"pid":12672,"hostname":"PUKAVDTMS10-7","context":"ShopController","extra":[null]}
2021-11-16T14:17:06.399Z [[31merror[39m] : in fetchMasterData error {"pid":14064,"hostname":"PUKAVDTMS10-7","context":"ShopController","extra":[{"key":"value"}]}
2021-11-16T14:17:06.403Z [[33mwarn[39m] : in fetchMasterData warn {"pid":14064,"hostname":"PUKAVDTMS10-7","context":"ShopController","extra":[null]}
2021-11-16T14:19:36.585Z [[31merror[39m] : in fetchMasterData error {"pid":11880,"hostname":"PUKAVDTMS10-7","context":"ShopController","extra":[{"key":"value"}]}
2021-11-16T14:19:36.589Z [[33mwarn[39m] : in fetchMasterData warn {"pid":11880,"hostname":"PUKAVDTMS10-7","context":"ShopController","extra":[null]}
2021-11-16T14:20:05.364Z [[31merror[39m] : in fetchMasterData error {"pid":13288,"hostname":"PUKAVDTMS10-7","context":"ShopController","extra":[{"key":"value"}]}
2021-11-16T14:20:05.368Z [[33mwarn[39m] : in fetchMasterData warn {"pid":13288,"hostname":"PUKAVDTMS10-7","context":"ShopController","extra":[null]}
2021-11-16T14:21:18.370Z [[31merror[39m] : in fetchMasterData error {"pid":10740,"hostname":"PUKAVDTMS10-7","context":"ShopController","extra":[{"key":"value"}]}
2021-11-16T14:21:18.375Z [[33mwarn[39m] : in fetchMasterData warn {"pid":10740,"hostname":"PUKAVDTMS10-7","context":"ShopController","extra":[null]}
2021-11-16T16:57:00.084Z [[31merror[39m] : in fetchMasterData error {"pid":13368,"hostname":"PUKAVDTMS10-7","context":"ShopController","extra":[{"key":"value"}]}
2021-11-16T16:57:00.088Z [[33mwarn[39m] : in fetchMasterData warn {"pid":13368,"hostname":"PUKAVDTMS10-7","context":"ShopController","extra":[null]}
2021-11-16T17:00:01.606Z [[31merror[39m] : in fetchMasterData error {"pid":12960,"hostname":"PUKAVDTMS10-7","context":"ShopController","extra":[{"key":"value"}]}
2021-11-16T17:00:01.610Z [[33mwarn[39m] : in fetchMasterData warn {"pid":12960,"hostname":"PUKAVDTMS10-7","context":"ShopController","extra":[null]}
2021-11-16T17:00:54.477Z [[31merror[39m] : in fetchMasterData error {"pid":14568,"hostname":"PUKAVDTMS10-7","context":"ShopController","extra":[{"key":"value"}]}
2021-11-16T17:00:54.480Z [[33mwarn[39m] : in fetchMasterData warn {"pid":14568,"hostname":"PUKAVDTMS10-7","context":"ShopController","extra":[null]}
2021-11-16T17:26:31.538Z [[31merror[39m] : in fetchMasterData error {"pid":6932,"hostname":"PUKAVDTMS10-7","context":"ShopController","extra":[{"key":"value"}]}
2021-11-16T17:26:31.541Z [[33mwarn[39m] : in fetchMasterData warn {"pid":6932,"hostname":"PUKAVDTMS10-7","context":"ShopController","extra":[null]}
2021-11-16T17:29:13.018Z [[31merror[39m] : in fetchMasterData error {"pid":3496,"hostname":"PUKAVDTMS10-7","context":"ShopController","extra":[{"key":"value"}]}
2021-11-16T17:29:13.023Z [[33mwarn[39m] : in fetchMasterData warn {"pid":3496,"hostname":"PUKAVDTMS10-7","context":"ShopController","extra":[null]}
2021-11-16T17:44:47.478Z [[31merror[39m] : in fetchMasterData error {"pid":5100,"hostname":"PUKAVDTMS10-7","context":"ShopController","extra":[{"key":"value"}]}
2021-11-16T17:44:47.482Z [[33mwarn[39m] : in fetchMasterData warn {"pid":5100,"hostname":"PUKAVDTMS10-7","context":"ShopController","extra":[null]}
2021-11-16T17:46:24.515Z [[31merror[39m] : in fetchMasterData error {"pid":15336,"hostname":"PUKAVDTMS10-7","context":"ShopController","extra":[{"key":"value"}]}
2021-11-16T17:46:24.518Z [[33mwarn[39m] : in fetchMasterData warn {"pid":15336,"hostname":"PUKAVDTMS10-7","context":"ShopController","extra":[null]}
2021-11-16T17:47:26.600Z [[31merror[39m] : in fetchMasterData error {"pid":15108,"hostname":"PUKAVDTMS10-7","context":"ShopController","extra":[{"key":"value"}]}
2021-11-16T17:47:26.603Z [[33mwarn[39m] : in fetchMasterData warn {"pid":15108,"hostname":"PUKAVDTMS10-7","context":"ShopController","extra":[null]}
2021-11-16T17:57:30.198Z [[31merror[39m] : in fetchMasterData error {"pid":15068,"hostname":"PUKAVDTMS10-7","context":"ShopController","extra":[{"key":"value"}]}
2021-11-16T17:57:30.202Z [[33mwarn[39m] : in fetchMasterData warn {"pid":15068,"hostname":"PUKAVDTMS10-7","context":"ShopController","extra":[null]}
2021-11-16T17:57:32.704Z [[31merror[39m] : in fetchMasterData error {"pid":15068,"hostname":"PUKAVDTMS10-7","context":"ShopController","extra":[{"key":"value"}]}
2021-11-16T17:57:32.706Z [[33mwarn[39m] : in fetchMasterData warn {"pid":15068,"hostname":"PUKAVDTMS10-7","context":"ShopController","extra":[null]}
2021-11-16T18:00:35.857Z [[31merror[39m] : in fetchMasterData error {"pid":12364,"hostname":"PUKAVDTMS10-7","context":"ShopController","extra":[{"key":"value"}]}
2021-11-16T18:00:35.860Z [[33mwarn[39m] : in fetchMasterData warn {"pid":12364,"hostname":"PUKAVDTMS10-7","context":"ShopController","extra":[null]}
2021-11-16T18:03:41.529Z [[31merror[39m] : in fetchMasterData error {"pid":9328,"hostname":"PUKAVDTMS10-7","context":"ShopController","extra":[{"key":"value"}]}
2021-11-16T18:03:41.532Z [[33mwarn[39m] : in fetchMasterData warn {"pid":9328,"hostname":"PUKAVDTMS10-7","context":"ShopController","extra":[null]}
2021-11-16T18:05:01.500Z [[31merror[39m] : in fetchMasterData error {"pid":4604,"hostname":"PUKAVDTMS10-7","context":"ShopController","extra":[{"key":"value"}]}
2021-11-16T18:05:01.505Z [[33mwarn[39m] : in fetchMasterData warn {"pid":4604,"hostname":"PUKAVDTMS10-7","context":"ShopController","extra":[null]}
2021-11-16T18:07:46.868Z [[31merror[39m] : in fetchMasterData error {"pid":14736,"hostname":"PUKAVDTMS10-7","context":"ShopController","extra":[{"key":"value"}]}
2021-11-16T18:07:46.872Z [[33mwarn[39m] : in fetchMasterData warn {"pid":14736,"hostname":"PUKAVDTMS10-7","context":"ShopController","extra":[null]}
2021-11-17T03:13:00.649Z [[31merror[39m] : in fetchMasterData error {"pid":11988,"hostname":"PUKAVDTMS10-7","context":"ShopController","extra":[{"key":"value"}]}
2021-11-17T03:13:00.661Z [[33mwarn[39m] : in fetchMasterData warn {"pid":11988,"hostname":"PUKAVDTMS10-7","context":"ShopController","extra":[null]}
2021-11-17T03:21:53.098Z [[31merror[39m] : in fetchMasterData error {"pid":6060,"hostname":"PUKAVDTMS10-7","context":"ShopController","extra":[{"key":"value"}]}
2021-11-17T03:21:53.103Z [[33mwarn[39m] : in fetchMasterData warn {"pid":6060,"hostname":"PUKAVDTMS10-7","context":"ShopController","extra":[null]}
2021-11-17T03:22:13.732Z [[31merror[39m] : in fetchMasterData error {"pid":10500,"hostname":"PUKAVDTMS10-7","context":"ShopController","extra":[{"key":"value"}]}
2021-11-17T03:22:13.736Z [[33mwarn[39m] : in fetchMasterData warn {"pid":10500,"hostname":"PUKAVDTMS10-7","context":"ShopController","extra":[null]}
2021-11-17T03:22:37.295Z [[31merror[39m] : in fetchMasterData error {"pid":7908,"hostname":"PUKAVDTMS10-7","context":"ShopController","extra":[{"key":"value"}]}
2021-11-17T03:22:37.300Z [[33mwarn[39m] : in fetchMasterData warn {"pid":7908,"hostname":"PUKAVDTMS10-7","context":"ShopController","extra":[null]}
2021-11-17T03:24:01.064Z [[31merror[39m] : in fetchMasterData error {"pid":4128,"hostname":"PUKAVDTMS10-7","context":"ShopController","extra":[{"key":"value"}]}
2021-11-17T03:24:01.068Z [[33mwarn[39m] : in fetchMasterData warn {"pid":4128,"hostname":"PUKAVDTMS10-7","context":"ShopController","extra":[null]}
2021-11-17T03:24:24.899Z [[31merror[39m] : in fetchMasterData error {"pid":3536,"hostname":"PUKAVDTMS10-7","context":"ShopController","extra":[{"key":"value"}]}
2021-11-17T03:24:24.905Z [[33mwarn[39m] : in fetchMasterData warn {"pid":3536,"hostname":"PUKAVDTMS10-7","context":"ShopController","extra":[null]}
2021-11-17T03:29:03.492Z [[31merror[39m] : in fetchMasterData error {"pid":7512,"hostname":"PUKAVDTMS10-7","context":"ShopController","extra":[{"key":"value"}]}
2021-11-17T03:29:03.496Z [[33mwarn[39m] : in fetchMasterData warn {"pid":7512,"hostname":"PUKAVDTMS10-7","context":"ShopController","extra":[null]}
2021-11-17T03:34:27.168Z [[31merror[39m] : in fetchMasterData error {"pid":7512,"hostname":"PUKAVDTMS10-7","context":"ShopController","extra":[{"key":"value"}]}
2021-11-17T03:34:27.171Z [[33mwarn[39m] : in fetchMasterData warn {"pid":7512,"hostname":"PUKAVDTMS10-7","context":"ShopController","extra":[null]}
2021-11-17T03:35:06.932Z [[31merror[39m] : in fetchMasterData error {"pid":12276,"hostname":"PUKAVDTMS10-7","context":"ShopController","extra":[{"key":"value"}]}
2021-11-17T03:35:06.945Z [[33mwarn[39m] : in fetchMasterData warn {"pid":12276,"hostname":"PUKAVDTMS10-7","context":"ShopController","extra":[null]}
2021-11-17T03:48:00.062Z [[31merror[39m] : in fetchMasterData error {"pid":10964,"hostname":"PUKAVDTMS10-7","context":"ShopController","extra":[{"key":"value"}]}
2021-11-17T03:48:00.068Z [[33mwarn[39m] : in fetchMasterData warn {"pid":10964,"hostname":"PUKAVDTMS10-7","context":"ShopController","extra":[null]}
2021-11-17T03:48:38.004Z [[31merror[39m] : in fetchMasterData error {"pid":7524,"hostname":"PUKAVDTMS10-7","context":"ShopController","extra":[{"key":"value"}]}
2021-11-17T03:48:38.009Z [[33mwarn[39m] : in fetchMasterData warn {"pid":7524,"hostname":"PUKAVDTMS10-7","context":"ShopController","extra":[null]}
2021-11-17T03:50:58.694Z [[31merror[39m] : in fetchMasterData error {"pid":4360,"hostname":"PUKAVDTMS10-7","context":"ShopController","extra":[{"key":"value"}]}
2021-11-17T03:50:58.698Z [[33mwarn[39m] : in fetchMasterData warn {"pid":4360,"hostname":"PUKAVDTMS10-7","context":"ShopController","extra":[null]}
2021-11-17T03:53:46.782Z [[31merror[39m] : in fetchMasterData error {"pid":9784,"hostname":"PUKAVDTMS10-7","context":"ShopController","extra":[{"key":"value"}]}
2021-11-17T03:53:46.786Z [[33mwarn[39m] : in fetchMasterData warn {"pid":9784,"hostname":"PUKAVDTMS10-7","context":"ShopController","extra":[null]}
2021-11-17T03:55:50.234Z [[31merror[39m] : in fetchMasterData error {"pid":13752,"hostname":"PUKAVDTMS10-7","context":"ShopController","extra":[{"key":"value"}]}
2021-11-17T03:55:50.237Z [[33mwarn[39m] : in fetchMasterData warn {"pid":13752,"hostname":"PUKAVDTMS10-7","context":"ShopController","extra":[null]}
2021-11-17T04:04:21.906Z [[31merror[39m] : in fetchMasterData error {"pid":1156,"hostname":"PUKAVDTMS10-7","context":"ShopController","extra":[{"key":"value"}]}
2021-11-17T04:04:21.915Z [[33mwarn[39m] : in fetchMasterData warn {"pid":1156,"hostname":"PUKAVDTMS10-7","context":"ShopController","extra":[null]}
2021-11-17T04:05:12.384Z [[31merror[39m] : in fetchMasterData error {"pid":10068,"hostname":"PUKAVDTMS10-7","context":"ShopController","extra":[{"key":"value"}]}
2021-11-17T04:05:12.389Z [[33mwarn[39m] : in fetchMasterData warn {"pid":10068,"hostname":"PUKAVDTMS10-7","context":"ShopController","extra":[null]}
2021-11-17T04:05:31.749Z [[31merror[39m] : in fetchMasterData error {"pid":13064,"hostname":"PUKAVDTMS10-7","context":"ShopController","extra":[{"key":"value"}]}
2021-11-17T04:05:31.752Z [[33mwarn[39m] : in fetchMasterData warn {"pid":13064,"hostname":"PUKAVDTMS10-7","context":"ShopController","extra":[null]}
2021-11-17T04:06:05.602Z [[31merror[39m] : in fetchMasterData error {"pid":10072,"hostname":"PUKAVDTMS10-7","context":"ShopController","extra":[{"key":"value"}]}
2021-11-17T04:06:05.605Z [[33mwarn[39m] : in fetchMasterData warn {"pid":10072,"hostname":"PUKAVDTMS10-7","context":"ShopController","extra":[null]}
2021-11-17T04:07:07.185Z [[31merror[39m] : in fetchMasterData error {"pid":13352,"hostname":"PUKAVDTMS10-7","context":"ShopController","extra":[{"key":"value"}]}
2021-11-17T04:07:07.189Z [[33mwarn[39m] : in fetchMasterData warn {"pid":13352,"hostname":"PUKAVDTMS10-7","context":"ShopController","extra":[null]}
2021-11-17T04:09:38.949Z [[31merror[39m] : in fetchMasterData error {"pid":7680,"hostname":"PUKAVDTMS10-7","context":"ShopController","extra":[{"key":"value"}]}
2021-11-17T04:09:38.952Z [[33mwarn[39m] : in fetchMasterData warn {"pid":7680,"hostname":"PUKAVDTMS10-7","context":"ShopController","extra":[null]}
2021-11-17T04:10:06.473Z [[31merror[39m] : in fetchMasterData error {"pid":9056,"hostname":"PUKAVDTMS10-7","context":"ShopController","extra":[{"key":"value"}]}
2021-11-17T04:10:06.477Z [[33mwarn[39m] : in fetchMasterData warn {"pid":9056,"hostname":"PUKAVDTMS10-7","context":"ShopController","extra":[null]}
2021-11-17T04:33:32.168Z [[31merror[39m] : in fetchMasterData error {"pid":13704,"hostname":"PUKAVDTMS10-7","context":"ShopController","extra":[{"key":"value"}]}
2021-11-17T04:33:32.173Z [[33mwarn[39m] : in fetchMasterData warn {"pid":13704,"hostname":"PUKAVDTMS10-7","context":"ShopController","extra":[null]}
2021-11-17T06:58:03.691Z [[31merror[39m] : in fetchMasterData error {"pid":14928,"hostname":"PUKAVDTMS10-7","context":"ShopController","extra":[{"key":"value"}]}
2021-11-17T06:58:03.696Z [[33mwarn[39m] : in fetchMasterData warn {"pid":14928,"hostname":"PUKAVDTMS10-7","context":"ShopController","extra":[null]}
2021-11-17T07:00:42.147Z [[31merror[39m] : in fetchMasterData error {"pid":14928,"hostname":"PUKAVDTMS10-7","context":"ShopController","extra":[{"key":"value"}]}
2021-11-17T07:00:42.151Z [[33mwarn[39m] : in fetchMasterData warn {"pid":14928,"hostname":"PUKAVDTMS10-7","context":"ShopController","extra":[null]}
2021-11-17T07:00:49.806Z [[31merror[39m] : in fetchMasterData error {"pid":14928,"hostname":"PUKAVDTMS10-7","context":"ShopController","extra":[{"key":"value"}]}
2021-11-17T07:00:49.809Z [[33mwarn[39m] : in fetchMasterData warn {"pid":14928,"hostname":"PUKAVDTMS10-7","context":"ShopController","extra":[null]}
2021-11-17T08:23:07.535Z [[31merror[39m] : in fetchMasterData error {"pid":12768,"hostname":"PUKAVDTMS10-7","context":"ShopController","extra":[{"key":"value"}]}
2021-11-17T08:23:07.538Z [[33mwarn[39m] : in fetchMasterData warn {"pid":12768,"hostname":"PUKAVDTMS10-7","context":"ShopController","extra":[null]}
2021-11-17T08:23:45.014Z [[31merror[39m] : in fetchMasterData error {"pid":12868,"hostname":"PUKAVDTMS10-7","context":"ShopController","extra":[{"key":"value"}]}
2021-11-17T08:23:45.018Z [[33mwarn[39m] : in fetchMasterData warn {"pid":12868,"hostname":"PUKAVDTMS10-7","context":"ShopController","extra":[null]}
2021-11-17T08:39:39.925Z [[31merror[39m] : in fetchMasterData error {"pid":768,"hostname":"PUKAVDTMS10-7","context":"ShopController","extra":[{"key":"value"}]}
2021-11-17T08:39:39.929Z [[33mwarn[39m] : in fetchMasterData warn {"pid":768,"hostname":"PUKAVDTMS10-7","context":"ShopController","extra":[null]}
2021-11-17T08:43:31.280Z [[31merror[39m] : in fetchMasterData error {"pid":10804,"hostname":"PUKAVDTMS10-7","context":"ShopController","extra":[{"key":"value"}]}
2021-11-17T08:43:31.283Z [[33mwarn[39m] : in fetchMasterData warn {"pid":10804,"hostname":"PUKAVDTMS10-7","context":"ShopController","extra":[null]}
2021-11-17T08:43:36.298Z [[31merror[39m] : in fetchMasterData error {"pid":10804,"hostname":"PUKAVDTMS10-7","context":"ShopController","extra":[{"key":"value"}]}
2021-11-17T08:43:36.300Z [[33mwarn[39m] : in fetchMasterData warn {"pid":10804,"hostname":"PUKAVDTMS10-7","context":"ShopController","extra":[null]}
2021-11-18T09:42:07.757Z [[31merror[39m] : in fetchMasterData error {"pid":4720,"hostname":"PUKAVDTMS10-7","context":"ShopController","extra":[{"key":"value"}]}
2021-11-18T09:42:07.762Z [[33mwarn[39m] : in fetchMasterData warn {"pid":4720,"hostname":"PUKAVDTMS10-7","context":"ShopController","extra":[null]}
2021-11-18T10:35:58.442Z [[31merror[39m] : in fetchMasterData error {"pid":15956,"hostname":"PUKAVDTMS10-7","context":"ShopController","extra":[{"key":"value"}]}
2021-11-18T10:35:58.446Z [[33mwarn[39m] : in fetchMasterData warn {"pid":15956,"hostname":"PUKAVDTMS10-7","context":"ShopController","extra":[null]}
2021-11-18T10:36:27.256Z [[31merror[39m] : in fetchMasterData error {"pid":14388,"hostname":"PUKAVDTMS10-7","context":"ShopController","extra":[{"key":"value"}]}
2021-11-18T10:36:27.263Z [[33mwarn[39m] : in fetchMasterData warn {"pid":14388,"hostname":"PUKAVDTMS10-7","context":"ShopController","extra":[null]}
2021-11-18T10:37:39.728Z [[31merror[39m] : in fetchMasterData error {"pid":2708,"hostname":"PUKAVDTMS10-7","context":"ShopController","extra":[{"key":"value"}]}
2021-11-18T10:37:39.732Z [[33mwarn[39m] : in fetchMasterData warn {"pid":2708,"hostname":"PUKAVDTMS10-7","context":"ShopController","extra":[null]}
2021-11-18T10:38:55.505Z [[31merror[39m] : in fetchMasterData error {"pid":10144,"hostname":"PUKAVDTMS10-7","context":"ShopController","extra":[{"key":"value"}]}
2021-11-18T10:38:55.511Z [[33mwarn[39m] : in fetchMasterData warn {"pid":10144,"hostname":"PUKAVDTMS10-7","context":"ShopController","extra":[null]}
2021-11-18T10:40:08.135Z [[31merror[39m] : in fetchMasterData error {"pid":2744,"hostname":"PUKAVDTMS10-7","context":"ShopController","extra":[{"key":"value"}]}
2021-11-18T10:40:08.147Z [[33mwarn[39m] : in fetchMasterData warn {"pid":2744,"hostname":"PUKAVDTMS10-7","context":"ShopController","extra":[null]}
2021-11-18T10:45:31.589Z [[31merror[39m] : in fetchMasterData error {"pid":16932,"hostname":"PUKAVDTMS10-7","context":"ShopController","extra":[{"key":"value"}]}
2021-11-18T10:45:31.595Z [[33mwarn[39m] : in fetchMasterData warn {"pid":16932,"hostname":"PUKAVDTMS10-7","context":"ShopController","extra":[null]}
2021-11-18T10:46:16.575Z [[31merror[39m] : in fetchMasterData error {"pid":16648,"hostname":"PUKAVDTMS10-7","context":"ShopController","extra":[{"key":"value"}]}
2021-11-18T10:46:16.580Z [[33mwarn[39m] : in fetchMasterData warn {"pid":16648,"hostname":"PUKAVDTMS10-7","context":"ShopController","extra":[null]}
2021-11-18T10:53:35.299Z [[31merror[39m] : in fetchMasterData error {"pid":3488,"hostname":"PUKAVDTMS10-7","context":"ShopController","extra":[{"key":"value"}]}
2021-11-18T10:53:35.304Z [[33mwarn[39m] : in fetchMasterData warn {"pid":3488,"hostname":"PUKAVDTMS10-7","context":"ShopController","extra":[null]}
2021-11-18T10:53:46.748Z [[31merror[39m] : in fetchMasterData error {"pid":3488,"hostname":"PUKAVDTMS10-7","context":"ShopController","extra":[{"key":"value"}]}
2021-11-18T10:53:46.751Z [[33mwarn[39m] : in fetchMasterData warn {"pid":3488,"hostname":"PUKAVDTMS10-7","context":"ShopController","extra":[null]}
2021-11-18T10:55:48.651Z [[31merror[39m] : in fetchMasterData error {"pid":16412,"hostname":"PUKAVDTMS10-7","context":"ShopController","extra":[{"key":"value"}]}
2021-11-18T10:55:48.654Z [[33mwarn[39m] : in fetchMasterData warn {"pid":16412,"hostname":"PUKAVDTMS10-7","context":"ShopController","extra":[null]}
2021-11-18T10:56:18.232Z [[31merror[39m] : in fetchMasterData error {"pid":17080,"hostname":"PUKAVDTMS10-7","context":"ShopController","extra":[{"key":"value"}]}
2021-11-18T10:56:18.238Z [[33mwarn[39m] : in fetchMasterData warn {"pid":17080,"hostname":"PUKAVDTMS10-7","context":"ShopController","extra":[null]}
2021-11-18T12:10:04.232Z [[31merror[39m] : in fetchMasterData error {"pid":17080,"hostname":"PUKAVDTMS10-7","context":"ShopController","extra":[{"key":"value"}]}
2021-11-18T12:10:04.237Z [[33mwarn[39m] : in fetchMasterData warn {"pid":17080,"hostname":"PUKAVDTMS10-7","context":"ShopController","extra":[null]}
2021-11-18T12:50:58.232Z [[31merror[39m] : in fetchMasterData error {"pid":17080,"hostname":"PUKAVDTMS10-7","context":"ShopController","extra":[{"key":"value"}]}
2021-11-18T12:50:58.235Z [[33mwarn[39m] : in fetchMasterData warn {"pid":17080,"hostname":"PUKAVDTMS10-7","context":"ShopController","extra":[null]}
